#
# A fatal error has been detected by the Java Runtime Environment:
#
#  EXCEPTION_ACCESS_VIOLATION (0xc0000005) at pc=0x0000000075fd5c39, pid=13456, tid=0x00000000000030f4
#
# JRE version: Java(TM) SE Runtime Environment (8.0_131-b11) (build 1.8.0_131-b11)
# Java VM: Java HotSpot(TM) 64-Bit Server VM (25.131-b11 mixed mode windows-amd64 compressed oops)
# Problematic frame:
# V  [jvm.dll+0x145c39]
#
# Failed to write core dump. Minidumps are not enabled by default on client versions of Windows
#
# If you would like to submit a bug report, please visit:
#   http://bugreport.java.com/bugreport/crash.jsp
#

---------------  T H R E A D  ---------------

Current thread (0x0000000004be0800):  JavaThread "main" [_thread_in_vm, id=12532, stack(0x0000000004ae0000,0x0000000004be0000)]

siginfo: ExceptionCode=0xc0000005, reading address 0x0000000000000000

Registers:
RAX=0x0000000000000000, RBX=0x0000000004be0800, RCX=0x0000000000000080, RDX=0x0000000000000000
RSP=0x0000000004bdee90, RBP=0x0000000004bdf158, RSI=0x000000001e0b4238, RDI=0x0000000000000000
R8 =0x0000000000000000, R9 =0x0000000004bdf1c0, R10=0x0000000004cf7f48, R11=0x00000000760bbd80
R12=0x0000000000000000, R13=0x000000001e0b4848, R14=0x0000000004bdf1c8, R15=0x0000000004be0800
RIP=0x0000000075fd5c39, EFLAGS=0x0000000000010202

Top of Stack: (sp=0x0000000004bdee90)
0x0000000004bdee90:   0000000004bdee40 0000000004d416a0
0x0000000004bdeea0:   0000000000000000 0000000004d416fb
0x0000000004bdeeb0:   0000000004ce835d 00007ff8174f1050
0x0000000004bdeec0:   000000001e0b4848 0000000000000000
0x0000000004bdeed0:   0000000004d416a0 0000000004010000
0x0000000004bdeee0:   0000000004bdee40 0000000000000000
0x0000000004bdeef0:   0000000000000000 0000000000000000
0x0000000004bdef00:   0000000000000000 0000000000000000
0x0000000004bdef10:   0000000000000000 0000000000000000
0x0000000004bdef20:   0000000000000000 0000000076020000
0x0000000004bdef30:   0000000004bdee40 0000000000000000
0x0000000004bdef40:   0000000000000000 0000000004d416a0
0x0000000004bdef50:   0000000000000400 0000000004bdef68
0x0000000004bdef60:   0000000004bdefe0 0000000000000000
0x0000000004bdef70:   0000000000000001 0000000000000000
0x0000000004bdef80:   0000000000000000 0000000004be0800 

Instructions: (pc=0x0000000075fd5c39)
0x0000000075fd5c19:   a9 00 00 00 30 74 08 48 8b cb e8 98 d1 0f 00 c7
0x0000000075fd5c29:   83 70 02 00 00 06 00 00 00 80 3d 78 77 6c 00 00
0x0000000075fd5c39:   48 8b 0f b8 10 00 00 00 ba 0c 00 00 00 0f 45 c2
0x0000000075fd5c49:   48 98 8b 3c 08 c7 83 70 02 00 00 07 00 00 00 83 


Register to memory mapping:

RAX=0x0000000000000000 is an unknown value
RBX=0x0000000004be0800 is a thread
RCX=0x0000000000000080 is an unknown value
RDX=0x0000000000000000 is an unknown value
RSP=0x0000000004bdee90 is pointing into the stack for thread: 0x0000000004be0800
RBP=0x0000000004bdf158 is pointing into the stack for thread: 0x0000000004be0800
RSI=0x000000001e0b4238 is pointing into metadata
RDI=0x0000000000000000 is an unknown value
R8 =0x0000000000000000 is an unknown value
R9 =0x0000000004bdf1c0 is pointing into the stack for thread: 0x0000000004be0800
R10=0x0000000004cf7f48 is at code_begin+840 in an Interpreter codelet
method entry point (kind = native)  [0x0000000004cf7c00, 0x0000000004cf8560]  2400 bytes
R11=0x00000000760bbd80 is an unknown value
R12=0x0000000000000000 is an unknown value
R13={method} {0x000000001e0b4850} 'generateTrajectory' '([Ljaci/pathfinder/Waypoint;Ljaci/pathfinder/Trajectory$FitMethod;IDDDD)[Ljaci/pathfinder/Trajectory$Segment;' in 'jaci/pathfinder/PathfinderJNI'
R14=0x0000000004bdf1c8 is pointing into the stack for thread: 0x0000000004be0800
R15=0x0000000004be0800 is a thread


Stack: [0x0000000004ae0000,0x0000000004be0000],  sp=0x0000000004bdee90,  free space=1019k
Native frames: (J=compiled Java code, j=interpreted, Vv=VM code, C=native code)
V  [jvm.dll+0x145c39]
C  [pathfinderjava.dll+0x1050]
C  0x0000000004cf7f74

Java frames: (J=compiled Java code, j=interpreted, Vv=VM code)
j  jaci.pathfinder.PathfinderJNI.generateTrajectory([Ljaci/pathfinder/Waypoint;Ljaci/pathfinder/Trajectory$FitMethod;IDDDD)[Ljaci/pathfinder/Trajectory$Segment;+0
j  jaci.pathfinder.PathfinderJNI.generateTrajectory([Ljaci/pathfinder/Waypoint;Ljaci/pathfinder/Trajectory$Config;)Ljaci/pathfinder/Trajectory;+29
j  jaci.pathfinder.Pathfinder.generate([Ljaci/pathfinder/Waypoint;Ljaci/pathfinder/Trajectory$Config;)Ljaci/pathfinder/Trajectory;+2
j  PathfinderGen.main([Ljava/lang/String;)V+42
v  ~StubRoutines::call_stub

---------------  P R O C E S S  ---------------

Java Threads: ( => current thread )
  0x00000000205c9800 JavaThread "Service Thread" daemon [_thread_blocked, id=12260, stack(0x0000000021250000,0x0000000021350000)]
  0x000000001e6ae000 JavaThread "C1 CompilerThread3" daemon [_thread_blocked, id=13604, stack(0x0000000021150000,0x0000000021250000)]
  0x000000001e6aa000 JavaThread "C2 CompilerThread2" daemon [_thread_blocked, id=15828, stack(0x0000000021050000,0x0000000021150000)]
  0x0000000020594000 JavaThread "C2 CompilerThread1" daemon [_thread_blocked, id=11168, stack(0x0000000020f50000,0x0000000021050000)]
  0x000000002058f800 JavaThread "C2 CompilerThread0" daemon [_thread_blocked, id=16272, stack(0x0000000020e50000,0x0000000020f50000)]
  0x000000002058d000 JavaThread "Attach Listener" daemon [_thread_blocked, id=6256, stack(0x0000000020d50000,0x0000000020e50000)]
  0x000000002058c000 JavaThread "Signal Dispatcher" daemon [_thread_blocked, id=15860, stack(0x0000000020c50000,0x0000000020d50000)]
  0x0000000004cdd800 JavaThread "Finalizer" daemon [_thread_blocked, id=7968, stack(0x0000000020960000,0x0000000020a60000)]
  0x0000000004cd6800 JavaThread "Reference Handler" daemon [_thread_blocked, id=3080, stack(0x0000000020460000,0x0000000020560000)]
=>0x0000000004be0800 JavaThread "main" [_thread_in_vm, id=12532, stack(0x0000000004ae0000,0x0000000004be0000)]

Other Threads:
  0x000000001e699800 VMThread [stack: 0x0000000020360000,0x0000000020460000] [id=8308]
  0x00000000205cd000 WatcherThread [stack: 0x0000000021350000,0x0000000021450000] [id=13400]

VM state:not at safepoint (normal execution)

VM Mutex/Monitor currently owned by a thread: None

Heap:
 PSYoungGen      total 75776K, used 2600K [0x000000076b700000, 0x0000000770b80000, 0x00000007c0000000)
  eden space 65024K, 4% used [0x000000076b700000,0x000000076b98a3f8,0x000000076f680000)
  from space 10752K, 0% used [0x0000000770100000,0x0000000770100000,0x0000000770b80000)
  to   space 10752K, 0% used [0x000000076f680000,0x000000076f680000,0x0000000770100000)
 ParOldGen       total 173568K, used 0K [0x00000006c2400000, 0x00000006ccd80000, 0x000000076b700000)
  object space 173568K, 0% used [0x00000006c2400000,0x00000006c2400000,0x00000006ccd80000)
 Metaspace       used 3067K, capacity 4566K, committed 4864K, reserved 1056768K
  class space    used 341K, capacity 390K, committed 512K, reserved 1048576K

Card table byte_map: [0x00000000140a0000,0x0000000014890000] byte_map_base: 0x0000000010a8e000

Marking Bits: (ParMarkBitMap*) 0x00000000766ac720
 Begin Bits: [0x00000000155e0000, 0x0000000019550000)
 End Bits:   [0x0000000019550000, 0x000000001d4c0000)

Polling page: 0x00000000049e0000

CodeCache: size=245760Kb used=1128Kb max_used=1128Kb free=244631Kb
 bounds [0x0000000004ce0000, 0x0000000004f50000, 0x0000000013ce0000]
 total_blobs=274 nmethods=36 adapters=151
 compilation: enabled

Compilation events (10 events):
Event: 0.136 Thread 0x000000001e6ae000   32       3       java.util.HashMap::hash (20 bytes)
Event: 0.136 Thread 0x000000001e6ae000 nmethod 32 0x0000000004df7590 code [0x0000000004df7700, 0x0000000004df7948]
Event: 0.136 Thread 0x000000001e6ae000   33       3       java.util.Arrays::copyOf (19 bytes)
Event: 0.137 Thread 0x000000001e6ae000 nmethod 33 0x0000000004df7c10 code [0x0000000004df7d80, 0x0000000004df80a8]
Event: 0.137 Thread 0x000000001e6ae000   34       3       java.lang.String::lastIndexOf (52 bytes)
Event: 0.137 Thread 0x000000001e6ae000 nmethod 34 0x0000000004df81d0 code [0x0000000004df8360, 0x0000000004df8708]
Event: 0.137 Thread 0x000000001e6ae000   35       3       java.io.WinNTFileSystem::normalize (143 bytes)
Event: 0.138 Thread 0x000000001e6ae000 nmethod 35 0x0000000004df9010 code [0x0000000004df9200, 0x0000000004df9a28]
Event: 0.138 Thread 0x000000001e6ae000   36       3       java.lang.String::indexOf (7 bytes)
Event: 0.138 Thread 0x000000001e6ae000 nmethod 36 0x0000000004df9dd0 code [0x0000000004df9f40, 0x0000000004dfa148]

GC Heap History (0 events):
No events

Deoptimization events (0 events):
No events

Internal exceptions (2 events):
Event: 0.043 Thread 0x0000000004be0800 Exception <a 'java/lang/NoSuchMethodError': Method sun.misc.Unsafe.defineClass(Ljava/lang/String;[BII)Ljava/lang/Class; name or signature does not match> (0x000000076b707ca8) thrown at [C:\re\workspace\8-2-build-windows-amd64-cygwin\jdk8u131\8869\hotspot\
Event: 0.043 Thread 0x0000000004be0800 Exception <a 'java/lang/NoSuchMethodError': Method sun.misc.Unsafe.prefetchRead(Ljava/lang/Object;J)V name or signature does not match> (0x000000076b707f90) thrown at [C:\re\workspace\8-2-build-windows-amd64-cygwin\jdk8u131\8869\hotspot\src\share\vm\prims

Events (10 events):
Event: 0.135 loading class jaci/pathfinder/Trajectory$Config
Event: 0.135 loading class jaci/pathfinder/Trajectory$Config done
Event: 0.135 loading class jaci/pathfinder/Pathfinder
Event: 0.135 loading class jaci/pathfinder/Pathfinder done
Event: 0.136 loading class jaci/pathfinder/PathfinderJNI
Event: 0.136 loading class jaci/pathfinder/PathfinderJNI done
Event: 0.136 loading class java/lang/ClassLoaderHelper
Event: 0.136 loading class java/lang/ClassLoaderHelper done
Event: 0.138 loading class jaci/pathfinder/Trajectory
Event: 0.138 loading class jaci/pathfinder/Trajectory done


Dynamic libraries:
0x00007ff7b01e0000 - 0x00007ff7b0217000 	C:\Program Files\Java\jdk1.8.0_131\bin\javaw.exe
0x00007ff820840000 - 0x00007ff820a20000 	C:\WINDOWS\SYSTEM32\ntdll.dll
0x00007ff820480000 - 0x00007ff82052e000 	C:\WINDOWS\System32\KERNEL32.DLL
0x00007ff81cc90000 - 0x00007ff81cef6000 	C:\WINDOWS\System32\KERNELBASE.dll
0x00007ff81fa80000 - 0x00007ff81fb21000 	C:\WINDOWS\System32\ADVAPI32.dll
0x00007ff820760000 - 0x00007ff8207fd000 	C:\WINDOWS\System32\msvcrt.dll
0x00007ff81fa20000 - 0x00007ff81fa7b000 	C:\WINDOWS\System32\sechost.dll
0x00007ff81fb90000 - 0x00007ff81fcaf000 	C:\WINDOWS\System32\RPCRT4.dll
0x00007ff820550000 - 0x00007ff8206df000 	C:\WINDOWS\System32\USER32.dll
0x00007ff81d260000 - 0x00007ff81d280000 	C:\WINDOWS\System32\win32u.dll
0x00007ff81dfb0000 - 0x00007ff81dfd8000 	C:\WINDOWS\System32\GDI32.dll
0x00007ff81d380000 - 0x00007ff81d513000 	C:\WINDOWS\System32\gdi32full.dll
0x00007ff81d520000 - 0x00007ff81d5bb000 	C:\WINDOWS\System32\msvcp_win.dll
0x00007ff81d280000 - 0x00007ff81d376000 	C:\WINDOWS\System32\ucrtbase.dll
0x00007ff80fed0000 - 0x00007ff810139000 	C:\WINDOWS\WinSxS\amd64_microsoft.windows.common-controls_6595b64144ccf1df_6.0.16299.248_none_15ced204935f55d7\COMCTL32.dll
0x00007ff81fcb0000 - 0x00007ff81ffb8000 	C:\WINDOWS\System32\combase.dll
0x00007ff81d0d0000 - 0x00007ff81d142000 	C:\WINDOWS\System32\bcryptPrimitives.dll
0x00007ff81f990000 - 0x00007ff81f9bd000 	C:\WINDOWS\System32\IMM32.DLL
0x0000000076730000 - 0x0000000076802000 	C:\Program Files\Java\jdk1.8.0_131\jre\bin\msvcr100.dll
0x0000000075e90000 - 0x000000007672c000 	C:\Program Files\Java\jdk1.8.0_131\jre\bin\server\jvm.dll
0x00007ff81f730000 - 0x00007ff81f738000 	C:\WINDOWS\System32\PSAPI.DLL
0x00007ff81b830000 - 0x00007ff81b839000 	C:\WINDOWS\SYSTEM32\WSOCK32.dll
0x00007ff815c10000 - 0x00007ff815c1a000 	C:\WINDOWS\SYSTEM32\VERSION.dll
0x00007ff8189c0000 - 0x00007ff8189e3000 	C:\WINDOWS\SYSTEM32\WINMM.dll
0x00007ff820410000 - 0x00007ff82047c000 	C:\WINDOWS\System32\WS2_32.dll
0x00007ff818960000 - 0x00007ff81898a000 	C:\WINDOWS\SYSTEM32\WINMMBASE.dll
0x00007ff81cc40000 - 0x00007ff81cc8a000 	C:\WINDOWS\System32\cfgmgr32.dll
0x0000000075e80000 - 0x0000000075e8f000 	C:\Program Files\Java\jdk1.8.0_131\jre\bin\verify.dll
0x0000000075e50000 - 0x0000000075e79000 	C:\Program Files\Java\jdk1.8.0_131\jre\bin\java.dll
0x0000000075e30000 - 0x0000000075e46000 	C:\Program Files\Java\jdk1.8.0_131\jre\bin\zip.dll
0x00007ff81e150000 - 0x00007ff81f586000 	C:\WINDOWS\System32\SHELL32.dll
0x00007ff81de30000 - 0x00007ff81ded6000 	C:\WINDOWS\System32\shcore.dll
0x00007ff81d5c0000 - 0x00007ff81dd07000 	C:\WINDOWS\System32\windows.storage.dll
0x00007ff81f9c0000 - 0x00007ff81fa11000 	C:\WINDOWS\System32\shlwapi.dll
0x00007ff81cc20000 - 0x00007ff81cc31000 	C:\WINDOWS\System32\kernel.appcore.dll
0x00007ff81cbd0000 - 0x00007ff81cc1c000 	C:\WINDOWS\System32\powrprof.dll
0x00007ff81cbb0000 - 0x00007ff81cbcb000 	C:\WINDOWS\System32\profapi.dll
0x00007ff8174f0000 - 0x00007ff817520000 	C:\Users\jonat\wpilib\user\java\lib\pathfinderjava.dll
0x00007ff81b640000 - 0x00007ff81b808000 	C:\WINDOWS\SYSTEM32\dbghelp.dll

VM Arguments:
jvm_args: -Dfile.encoding=Cp1252 
java_command: PathfinderGen
java_class_path (initial): C:\Users\jonat\Documents\Code Projects\Java\PathfinderGen\bin;C:\Users\jonat\wpilib\user\java\lib\Pathfinder-Java-1.8.jar
Launcher Type: SUN_STANDARD

Environment Variables:
PATH=C:/Program Files/Java/jre1.8.0_131/bin/server;C:/Program Files/Java/jre1.8.0_131/bin;C:/Program Files/Java/jre1.8.0_131/lib/amd64;c:\programdata\oracle\java\javapath;c:\windows\system32;c:\windows;c:\windows\system32\wbem;c:\windows\system32\windowspowershell\v1.0\;c:\program files\matlab\r2015b\runtime\win64;c:\program files\matlab\r2015b\bin;c:\program files\matlab\r2015b\polyspace\bin;c:\program files\putty\;c:\program files\git\cmd;c:\program files (x86)\gtksharp\2.12\bin;C:\Program Files (x86)\NVIDIA Corporation\PhysX\Common;C:\WINDOWS\system32;C:\WINDOWS;C:\WINDOWS\System32\Wbem;C:\WINDOWS\System32\WindowsPowerShell\v1.0\;C:\Program Files\nodejs\;C:\Gradle\gradle-4.4.1\bin;C:\Users\jonat\wpilib\user\java\lib;C:\Users\jonat\AppData\Local\Microsoft\WindowsApps;C:\Users\jonat\AppData\Roaming\npm;C:\Users\jonat\wpilib\user\java\lib;;C:\WINDOWS\system32;
USERNAME=jonat
OS=Windows_NT
PROCESSOR_IDENTIFIER=Intel64 Family 6 Model 94 Stepping 3, GenuineIntel



---------------  S Y S T E M  ---------------

OS: Windows 10.0 , 64 bit Build 16299 (10.0.16299.15)

CPU:total 8 (initial active 8) (4 cores per cpu, 2 threads per core) family 6 model 94 stepping 3, cmov, cx8, fxsr, mmx, sse, sse2, sse3, ssse3, sse4.1, sse4.2, popcnt, avx, avx2, aes, clmul, erms, rtm, 3dnowpref, lzcnt, ht, tsc, tscinvbit, bmi1, bmi2, adx

Memory: 4k page, physical 16628288k(8085028k free), swap 19118656k(6247936k free)

vm_info: Java HotSpot(TM) 64-Bit Server VM (25.131-b11) for windows-amd64 JRE (1.8.0_131-b11), built on Mar 15 2017 01:23:53 by "java_re" with MS VC++ 10.0 (VS2010)

time: Thu Mar 22 18:00:54 2018
elapsed time: 0 seconds (0d 0h 0m 0s)

